2025-01-22 14:20:56,593 - INFO - fluidity_environment.py:178 - _update_replica_latencies - Updated replica latencies for active and passive locations: []
2025-01-22 14:24:30,274 - INFO - fluidity_environment.py:174 - _update_replica_latencies - Updated replica latencies for active and passive locations: []
2025-01-22 14:30:16,227 - INFO - fluidity_environment.py:185 - _update_replica_latencies - Updated replica latencies for active and passive locations: []
2025-01-22 14:32:14,522 - INFO - fluidity_environment.py:183 - _update_replica_latencies - Updated replica latencies for active and passive locations: []
2025-01-22 14:32:34,425 - INFO - fluidity_environment.py:183 - _update_replica_latencies - Updated replica latencies for active and passive locations: ['eu-south-1', 'eu-west-1', 'us-east-1', 'eu-central-1', 'eu-north-1']
2025-01-22 14:37:24,839 - INFO - fluidity_environment.py:183 - Updated replica latencies for active and passive locations: ['eu-central-1', 'eu-west-1', 'eu-south-1', 'us-east-1', 'eu-north-1']
2025-01-22 14:39:46,277 - INFO - fluidity_environment.py:183 - Updated replica latencies for active and passive locations: ['eu-north-1', 'eu-central-1', 'us-east-1', 'eu-south-1', 'eu-west-1']
2025-01-22 14:40:18,483 - INFO - fluidity_environment.py:183 - Updated replica latencies for active and passive locations: ['us-east-1', 'eu-west-1', 'eu-north-1', 'eu-south-1', 'eu-central-1']
2025-01-22 14:41:02,495 - INFO - fluidity_environment.py:183 - Updated replica latencies for active and passive locations: ['eu-north-1', 'us-east-1', 'eu-west-1', 'eu-central-1', 'eu-south-1']
2025-01-22 14:44:35,950 - INFO - fluidity_environment.py:183 - Updated replica latencies for active and passive locations: ['eu-north-1', 'us-east-1', 'eu-central-1', 'eu-west-1', 'eu-south-1']
2025-01-22 14:47:45,277 - INFO - fluidity_environment.py:196 - Updated replica latencies for active and passive locations: ['us-east-1', 'eu-south-1', 'eu-north-1', 'eu-west-1', 'eu-central-1']
2025-01-22 14:49:27,251 - INFO - fluidity_environment.py:197 - Updated replica latencies for active and passive locations: ['eu-south-1', 'eu-central-1', 'eu-west-1', 'eu-north-1', 'us-east-1']
2025-01-22 14:50:04,357 - INFO - fluidity_environment.py:197 - Updated replica latencies for active and passive locations: ['eu-south-1', 'eu-central-1', 'eu-west-1', 'eu-north-1', 'us-east-1']
2025-01-22 14:53:33,413 - INFO - fluidity_environment.py:199 - Updated replica latencies for active and passive locations: ['eu-south-1', 'us-east-1', 'eu-north-1', 'eu-west-1', 'eu-central-1']
2025-01-22 14:53:38,139 - INFO - fluidity_environment.py:199 - Updated replica latencies for active and passive locations: ['eu-south-1', 'us-east-1', 'eu-north-1', 'eu-west-1', 'eu-central-1']
2025-01-22 15:06:27,971 - INFO - fluidity_environment.py:201 - Updated replica latencies for active and passive locations: ['eu-central-1', 'eu-north-1', 'us-east-1', 'eu-west-1', 'eu-south-1']
2025-01-22 15:07:12,339 - INFO - fluidity_environment.py:201 - Updated replica latencies for active and passive locations: ['eu-north-1', 'eu-west-1', 'us-east-1', 'eu-central-1', 'eu-south-1']
2025-01-22 15:07:15,801 - INFO - fluidity_environment.py:201 - Updated replica latencies for active and passive locations: ['eu-north-1', 'eu-west-1', 'us-east-1', 'eu-central-1', 'eu-south-1']
2025-01-22 15:07:42,110 - INFO - fluidity_environment.py:202 - Updated replica latencies for active and passive locations: ['eu-south-1', 'eu-west-1', 'eu-north-1', 'eu-central-1', 'us-east-1']
2025-01-22 15:07:45,135 - INFO - fluidity_environment.py:202 - Updated replica latencies for active and passive locations: ['eu-south-1', 'eu-west-1', 'eu-north-1', 'eu-central-1', 'us-east-1']
2025-01-22 15:08:57,179 - INFO - fluidity_environment.py:202 - Updated replica latencies for active and passive locations: ['eu-north-1', 'eu-south-1', 'eu-central-1', 'eu-west-1', 'us-east-1']
2025-01-22 15:08:57,500 - INFO - fluidity_environment.py:202 - Updated replica latencies for active and passive locations: ['eu-north-1', 'eu-south-1', 'eu-central-1', 'eu-west-1', 'us-east-1']
2025-01-22 15:10:25,584 - INFO - fluidity_environment.py:202 - Updated replica latencies for active and passive locations: ['us-east-1', 'eu-south-1', 'eu-central-1', 'eu-north-1', 'eu-west-1']
2025-01-22 15:11:04,739 - INFO - fluidity_environment.py:202 - Updated replica latencies for active and passive locations: ['us-east-1', 'eu-south-1', 'eu-central-1', 'eu-north-1', 'eu-west-1']
2025-01-22 15:13:43,023 - INFO - fluidity_environment.py:202 - Updated replica latencies for active and passive locations: ['eu-north-1', 'eu-central-1', 'us-east-1', 'eu-south-1', 'eu-west-1']
2025-01-22 15:14:01,930 - INFO - fluidity_environment.py:202 - Updated replica latencies for active and passive locations: ['eu-north-1', 'eu-central-1', 'us-east-1', 'eu-south-1', 'eu-west-1']
2025-01-22 15:15:29,547 - INFO - fluidity_environment.py:202 - Updated replica latencies for active and passive locations: ['eu-west-1', 'eu-south-1', 'eu-central-1', 'eu-north-1', 'us-east-1']
2025-01-22 15:15:33,887 - INFO - fluidity_environment.py:202 - Updated replica latencies for active and passive locations: ['eu-west-1', 'eu-south-1', 'eu-central-1', 'eu-north-1', 'us-east-1']
2025-01-22 15:18:52,320 - INFO - fluidity_environment.py:204 - Updated replica latencies for active and passive locations: ['eu-south-1', 'eu-west-1', 'us-east-1', 'eu-central-1', 'eu-north-1']
2025-01-22 15:18:55,769 - INFO - fluidity_environment.py:204 - Updated replica latencies for active and passive locations: ['eu-south-1', 'eu-west-1', 'us-east-1', 'eu-central-1', 'eu-north-1']
2025-01-22 15:21:41,796 - INFO - fluidity_environment.py:205 - Updated replica latencies for active and passive locations: ['eu-south-1', 'eu-north-1', 'eu-central-1', 'eu-west-1', 'us-east-1']
2025-01-22 15:22:02,011 - INFO - fluidity_environment.py:205 - Updated replica latencies for active and passive locations: ['eu-south-1', 'eu-north-1', 'eu-central-1', 'eu-west-1', 'us-east-1']
2025-01-22 15:43:49,144 - INFO - fluidity_environment.py:206 - Updated replica latencies for active and passive locations: ['eu-west-1', 'eu-south-1', 'us-east-1', 'eu-north-1', 'eu-central-1']
2025-01-22 15:43:50,462 - INFO - fluidity_environment.py:206 - Updated replica latencies for active and passive locations: ['eu-west-1', 'eu-south-1', 'us-east-1', 'eu-north-1', 'eu-central-1']
2025-01-22 15:44:06,827 - INFO - fluidity_environment.py:206 - Updated replica latencies for active and passive locations: ['eu-west-1', 'eu-south-1', 'us-east-1', 'eu-north-1', 'eu-central-1']
2025-01-22 15:44:09,450 - INFO - fluidity_environment.py:206 - Updated replica latencies for active and passive locations: ['eu-west-1', 'eu-south-1', 'us-east-1', 'eu-north-1', 'eu-central-1']
2025-01-22 15:44:11,273 - INFO - fluidity_environment.py:206 - Updated replica latencies for active and passive locations: ['eu-west-1', 'eu-south-1', 'us-east-1', 'eu-north-1', 'eu-central-1']
2025-01-22 15:44:13,130 - INFO - fluidity_environment.py:206 - Updated replica latencies for active and passive locations: ['eu-west-1', 'eu-south-1', 'us-east-1', 'eu-north-1', 'eu-central-1']
2025-01-22 15:44:15,006 - INFO - fluidity_environment.py:206 - Updated replica latencies for active and passive locations: ['eu-west-1', 'eu-south-1', 'us-east-1', 'eu-north-1', 'eu-central-1']
2025-01-22 15:44:16,908 - INFO - fluidity_environment.py:206 - Updated replica latencies for active and passive locations: ['eu-west-1', 'eu-south-1', 'us-east-1', 'eu-north-1', 'eu-central-1']
2025-01-22 15:44:18,895 - INFO - fluidity_environment.py:206 - Updated replica latencies for active and passive locations: ['eu-west-1', 'eu-south-1', 'us-east-1', 'eu-north-1', 'eu-central-1']
2025-01-22 15:44:21,067 - INFO - fluidity_environment.py:206 - Updated replica latencies for active and passive locations: ['eu-west-1', 'eu-south-1', 'us-east-1', 'eu-north-1', 'eu-central-1']
2025-01-22 15:44:22,852 - INFO - fluidity_environment.py:206 - Updated replica latencies for active and passive locations: ['eu-west-1', 'eu-south-1', 'us-east-1', 'eu-north-1', 'eu-central-1']
2025-01-22 15:44:24,914 - INFO - fluidity_environment.py:206 - Updated replica latencies for active and passive locations: ['eu-west-1', 'eu-south-1', 'us-east-1', 'eu-north-1', 'eu-central-1']
2025-01-22 15:44:26,752 - INFO - fluidity_environment.py:206 - Updated replica latencies for active and passive locations: ['eu-west-1', 'eu-south-1', 'us-east-1', 'eu-north-1', 'eu-central-1']
2025-01-22 15:44:30,655 - INFO - fluidity_environment.py:206 - Updated replica latencies for active and passive locations: ['eu-west-1', 'eu-south-1', 'us-east-1', 'eu-north-1', 'eu-central-1']
2025-01-22 15:44:33,660 - INFO - fluidity_environment.py:206 - Updated replica latencies for active and passive locations: ['eu-west-1', 'eu-south-1', 'us-east-1', 'eu-north-1', 'eu-central-1']
2025-01-22 15:44:36,475 - INFO - fluidity_environment.py:206 - Updated replica latencies for active and passive locations: ['eu-west-1', 'eu-south-1', 'us-east-1', 'eu-north-1', 'eu-central-1']
2025-01-22 15:44:41,345 - INFO - fluidity_environment.py:206 - Updated replica latencies for active and passive locations: ['eu-west-1', 'eu-south-1', 'us-east-1', 'eu-north-1', 'eu-central-1']
2025-01-22 15:47:12,167 - INFO - fluidity_environment.py:206 - Updated replica latencies for active and passive locations: ['eu-central-1', 'eu-south-1', 'eu-north-1', 'eu-west-1', 'us-east-1']
2025-01-22 15:47:12,695 - INFO - fluidity_environment.py:206 - Updated replica latencies for active and passive locations: ['eu-central-1', 'eu-south-1', 'eu-north-1', 'eu-west-1', 'us-east-1']
2025-01-22 15:47:12,968 - INFO - fluidity_environment.py:248 - Step 0, Reward: 130.6025390625
2025-01-22 15:47:13,098 - INFO - fluidity_environment.py:206 - Updated replica latencies for active and passive locations: ['eu-central-1', 'eu-south-1', 'eu-north-1', 'eu-west-1', 'us-east-1']
2025-01-22 15:47:13,401 - INFO - fluidity_environment.py:248 - Step 1, Reward: 128.767578125
2025-01-22 15:47:13,517 - INFO - fluidity_environment.py:206 - Updated replica latencies for active and passive locations: ['eu-central-1', 'eu-south-1', 'eu-north-1', 'eu-west-1', 'us-east-1']
2025-01-22 15:47:13,928 - INFO - fluidity_environment.py:248 - Step 2, Reward: 133.70703125
2025-01-22 15:47:14,037 - INFO - fluidity_environment.py:206 - Updated replica latencies for active and passive locations: ['eu-central-1', 'eu-south-1', 'eu-north-1', 'eu-west-1', 'us-east-1']
2025-01-22 15:47:14,319 - INFO - fluidity_environment.py:248 - Step 3, Reward: 131.625
2025-01-22 15:47:14,424 - INFO - fluidity_environment.py:206 - Updated replica latencies for active and passive locations: ['eu-central-1', 'eu-south-1', 'eu-north-1', 'eu-west-1', 'us-east-1']
2025-01-22 15:47:14,706 - INFO - fluidity_environment.py:248 - Step 4, Reward: 148.654296875
2025-01-22 15:47:14,814 - INFO - fluidity_environment.py:206 - Updated replica latencies for active and passive locations: ['eu-central-1', 'eu-south-1', 'eu-north-1', 'eu-west-1', 'us-east-1']
2025-01-22 15:47:15,094 - INFO - fluidity_environment.py:248 - Step 5, Reward: 144.5625
2025-01-22 15:47:15,199 - INFO - fluidity_environment.py:206 - Updated replica latencies for active and passive locations: ['eu-central-1', 'eu-south-1', 'eu-north-1', 'eu-west-1', 'us-east-1']
2025-01-22 15:47:15,488 - INFO - fluidity_environment.py:248 - Step 6, Reward: 141.68603515625
2025-01-22 15:47:15,754 - INFO - fluidity_environment.py:206 - Updated replica latencies for active and passive locations: ['eu-central-1', 'eu-south-1', 'eu-north-1', 'eu-west-1', 'us-east-1']
2025-01-22 15:47:16,033 - INFO - fluidity_environment.py:248 - Step 7, Reward: 141.51904296875
2025-01-22 15:47:16,135 - INFO - fluidity_environment.py:206 - Updated replica latencies for active and passive locations: ['eu-central-1', 'eu-south-1', 'eu-north-1', 'eu-west-1', 'us-east-1']
2025-01-22 15:47:16,415 - INFO - fluidity_environment.py:248 - Step 8, Reward: 145.68115234375
2025-01-22 15:47:16,523 - INFO - fluidity_environment.py:206 - Updated replica latencies for active and passive locations: ['eu-central-1', 'eu-south-1', 'eu-north-1', 'eu-west-1', 'us-east-1']
2025-01-22 15:47:16,815 - INFO - fluidity_environment.py:248 - Step 9, Reward: 137.6669921875
2025-01-22 15:47:17,137 - INFO - fluidity_environment.py:206 - Updated replica latencies for active and passive locations: ['eu-central-1', 'eu-south-1', 'eu-north-1', 'eu-west-1', 'us-east-1']
2025-01-22 15:47:17,400 - INFO - fluidity_environment.py:248 - Step 10, Reward: 142.62744140625
2025-01-22 15:47:17,507 - INFO - fluidity_environment.py:206 - Updated replica latencies for active and passive locations: ['eu-central-1', 'eu-south-1', 'eu-north-1', 'eu-west-1', 'us-east-1']
2025-01-22 15:47:17,784 - INFO - fluidity_environment.py:248 - Step 11, Reward: 137.591796875
2025-01-22 15:47:17,880 - INFO - fluidity_environment.py:206 - Updated replica latencies for active and passive locations: ['eu-central-1', 'eu-south-1', 'eu-north-1', 'eu-west-1', 'us-east-1']
2025-01-22 15:47:18,156 - INFO - fluidity_environment.py:248 - Step 12, Reward: 143.60205078125
2025-01-22 15:47:18,254 - INFO - fluidity_environment.py:206 - Updated replica latencies for active and passive locations: ['eu-central-1', 'eu-south-1', 'eu-north-1', 'eu-west-1', 'us-east-1']
2025-01-22 15:47:18,537 - INFO - fluidity_environment.py:248 - Step 13, Reward: 146.6533203125
2025-01-22 15:47:18,778 - INFO - fluidity_environment.py:206 - Updated replica latencies for active and passive locations: ['eu-central-1', 'eu-south-1', 'eu-north-1', 'eu-west-1', 'us-east-1']
2025-01-22 15:47:19,055 - INFO - fluidity_environment.py:248 - Step 14, Reward: 145.52880859375
2025-01-22 15:47:19,149 - INFO - fluidity_environment.py:206 - Updated replica latencies for active and passive locations: ['eu-central-1', 'eu-south-1', 'eu-north-1', 'eu-west-1', 'us-east-1']
2025-01-22 15:47:19,430 - INFO - fluidity_environment.py:248 - Step 15, Reward: 148.49169921875
2025-01-22 15:47:19,523 - INFO - fluidity_environment.py:206 - Updated replica latencies for active and passive locations: ['eu-central-1', 'eu-south-1', 'eu-north-1', 'eu-west-1', 'us-east-1']
2025-01-22 15:47:19,803 - INFO - fluidity_environment.py:248 - Step 16, Reward: 145.658203125
2025-01-22 15:47:19,900 - INFO - fluidity_environment.py:206 - Updated replica latencies for active and passive locations: ['eu-central-1', 'eu-south-1', 'eu-north-1', 'eu-west-1', 'us-east-1']
2025-01-22 15:47:20,180 - INFO - fluidity_environment.py:248 - Step 17, Reward: 142.61474609375
2025-01-22 15:47:20,416 - INFO - fluidity_environment.py:206 - Updated replica latencies for active and passive locations: ['eu-central-1', 'eu-south-1', 'eu-north-1', 'eu-west-1', 'us-east-1']
2025-01-22 15:47:20,688 - INFO - fluidity_environment.py:248 - Step 18, Reward: 145.5810546875
2025-01-22 15:47:20,773 - INFO - fluidity_environment.py:206 - Updated replica latencies for active and passive locations: ['eu-central-1', 'eu-south-1', 'eu-north-1', 'eu-west-1', 'us-east-1']
2025-01-22 15:47:21,045 - INFO - fluidity_environment.py:248 - Step 19, Reward: 191.6103515625
2025-01-22 15:47:21,144 - INFO - fluidity_environment.py:206 - Updated replica latencies for active and passive locations: ['eu-central-1', 'eu-south-1', 'eu-north-1', 'eu-west-1', 'us-east-1']
2025-01-22 15:47:21,433 - INFO - fluidity_environment.py:248 - Step 20, Reward: 196.6142578125
2025-01-22 15:47:21,524 - INFO - fluidity_environment.py:206 - Updated replica latencies for active and passive locations: ['eu-central-1', 'eu-south-1', 'eu-north-1', 'eu-west-1', 'us-east-1']
2025-01-22 15:47:21,797 - INFO - fluidity_environment.py:248 - Step 21, Reward: 196.5888671875
2025-01-22 15:47:22,054 - INFO - fluidity_environment.py:206 - Updated replica latencies for active and passive locations: ['eu-central-1', 'eu-south-1', 'eu-north-1', 'eu-west-1', 'us-east-1']
2025-01-22 15:47:22,547 - INFO - fluidity_environment.py:248 - Step 22, Reward: 188.69921875
2025-01-22 15:47:22,636 - INFO - fluidity_environment.py:206 - Updated replica latencies for active and passive locations: ['eu-central-1', 'eu-south-1', 'eu-north-1', 'eu-west-1', 'us-east-1']
2025-01-22 15:47:22,910 - INFO - fluidity_environment.py:248 - Step 23, Reward: 191.59619140625
2025-01-22 15:47:23,002 - INFO - fluidity_environment.py:206 - Updated replica latencies for active and passive locations: ['eu-central-1', 'eu-south-1', 'eu-north-1', 'eu-west-1', 'us-east-1']
2025-01-22 15:47:23,273 - INFO - fluidity_environment.py:248 - Step 24, Reward: 206.57763671875
2025-01-22 15:47:23,364 - INFO - fluidity_environment.py:206 - Updated replica latencies for active and passive locations: ['eu-central-1', 'eu-south-1', 'eu-north-1', 'eu-west-1', 'us-east-1']
2025-01-22 15:47:23,637 - INFO - fluidity_environment.py:248 - Step 25, Reward: 213.58203125
2025-01-22 15:47:23,880 - INFO - fluidity_environment.py:206 - Updated replica latencies for active and passive locations: ['eu-central-1', 'eu-south-1', 'eu-north-1', 'eu-west-1', 'us-east-1']
2025-01-22 15:47:24,152 - INFO - fluidity_environment.py:248 - Step 26, Reward: 209.5810546875
2025-01-22 15:47:24,245 - INFO - fluidity_environment.py:206 - Updated replica latencies for active and passive locations: ['eu-central-1', 'eu-south-1', 'eu-north-1', 'eu-west-1', 'us-east-1']
2025-01-22 15:47:24,511 - INFO - fluidity_environment.py:248 - Step 27, Reward: 213.6123046875
2025-01-22 15:47:24,599 - INFO - fluidity_environment.py:206 - Updated replica latencies for active and passive locations: ['eu-central-1', 'eu-south-1', 'eu-north-1', 'eu-west-1', 'us-east-1']
2025-01-22 15:47:24,898 - INFO - fluidity_environment.py:248 - Step 28, Reward: 207.62451171875
2025-01-22 15:47:24,997 - INFO - fluidity_environment.py:206 - Updated replica latencies for active and passive locations: ['eu-central-1', 'eu-south-1', 'eu-north-1', 'eu-west-1', 'us-east-1']
2025-01-22 15:47:25,305 - INFO - fluidity_environment.py:248 - Step 29, Reward: 225.55517578125
2025-01-22 15:47:25,552 - INFO - fluidity_environment.py:206 - Updated replica latencies for active and passive locations: ['eu-central-1', 'eu-south-1', 'eu-north-1', 'eu-west-1', 'us-east-1']
2025-01-22 15:47:25,833 - INFO - fluidity_environment.py:248 - Step 30, Reward: 224.6982421875
2025-01-22 15:47:25,939 - INFO - fluidity_environment.py:206 - Updated replica latencies for active and passive locations: ['eu-central-1', 'eu-south-1', 'eu-north-1', 'eu-west-1', 'us-east-1']
2025-01-22 15:47:26,222 - INFO - fluidity_environment.py:248 - Step 31, Reward: 226.51318359375
2025-01-22 15:47:26,317 - INFO - fluidity_environment.py:206 - Updated replica latencies for active and passive locations: ['eu-central-1', 'eu-south-1', 'eu-north-1', 'eu-west-1', 'us-east-1']
2025-01-22 15:47:26,627 - INFO - fluidity_environment.py:248 - Step 32, Reward: 215.60400390625
2025-01-22 15:47:26,995 - INFO - fluidity_environment.py:206 - Updated replica latencies for active and passive locations: ['eu-central-1', 'eu-south-1', 'eu-north-1', 'eu-west-1', 'us-east-1']
2025-01-22 15:47:27,368 - INFO - fluidity_environment.py:248 - Step 33, Reward: 223.6162109375
2025-01-22 15:47:27,478 - INFO - fluidity_environment.py:206 - Updated replica latencies for active and passive locations: ['eu-central-1', 'eu-south-1', 'eu-north-1', 'eu-west-1', 'us-east-1']
2025-01-22 15:47:27,938 - INFO - fluidity_environment.py:248 - Step 34, Reward: 232.52783203125
2025-01-22 15:47:28,042 - INFO - fluidity_environment.py:206 - Updated replica latencies for active and passive locations: ['eu-central-1', 'eu-south-1', 'eu-north-1', 'eu-west-1', 'us-east-1']
2025-01-22 15:47:28,349 - INFO - fluidity_environment.py:248 - Step 35, Reward: 227.646484375
2025-01-22 15:47:28,445 - INFO - fluidity_environment.py:206 - Updated replica latencies for active and passive locations: ['eu-central-1', 'eu-south-1', 'eu-north-1', 'eu-west-1', 'us-east-1']
2025-01-22 15:47:28,753 - INFO - fluidity_environment.py:248 - Step 36, Reward: 229.64404296875
2025-01-22 15:47:29,010 - INFO - fluidity_environment.py:206 - Updated replica latencies for active and passive locations: ['eu-central-1', 'eu-south-1', 'eu-north-1', 'eu-west-1', 'us-east-1']
2025-01-22 15:47:29,349 - INFO - fluidity_environment.py:248 - Step 37, Reward: 223.59326171875
